<?xml version="1.0" encoding="UTF-8"?>
<coverage generated="1614175382233" clover="3.2.0">
  <project timestamp="1614175382233" name="All files">
    <metrics statements="16" coveredstatements="16" conditionals="10" coveredconditionals="10" methods="2" coveredmethods="2" elements="28" coveredelements="28" complexity="0" loc="16" ncloc="16" packages="1" files="1" classes="1"/>
    <file name="check.ts" path="/Users/ben/Documents/w/code/project/library/rapierui/packages/linaria-css/src/util/check.ts">
      <metrics statements="16" coveredstatements="16" conditionals="10" coveredconditionals="10" methods="2" coveredmethods="2"/>
      <line num="6" count="7" type="stmt"/>
      <line num="9" count="7" type="stmt"/>
      <line num="13" count="10" type="stmt"/>
      <line num="14" count="10" type="cond" truecount="2" falsecount="0"/>
      <line num="16" count="2" type="stmt"/>
      <line num="18" count="8" type="cond" truecount="2" falsecount="0"/>
      <line num="20" count="2" type="stmt"/>
      <line num="22" count="6" type="cond" truecount="2" falsecount="0"/>
      <line num="24" count="3" type="stmt"/>
      <line num="25" count="3" type="cond" truecount="2" falsecount="0"/>
      <line num="27" count="1" type="stmt"/>
      <line num="29" count="2" type="cond" truecount="2" falsecount="0"/>
      <line num="30" count="1" type="stmt"/>
      <line num="33" count="1" type="stmt"/>
      <line num="35" count="9" type="stmt"/>
      <line num="36" count="9" type="stmt"/>
    </file>
  </project>
</coverage>
