{"/Users/ben/Documents/w/code/project/library/rapierui/packages/linaria-css/src/util/check.ts": {"path":"/Users/ben/Documents/w/code/project/library/rapierui/packages/linaria-css/src/util/check.ts","statementMap":{"0":{"start":{"line":6,"column":18},"end":{"line":8,"column":3}},"1":{"start":{"line":9,"column":2},"end":{"line":9,"column":29}},"2":{"start":{"line":13,"column":13},"end":{"line":13,"column":15}},"3":{"start":{"line":14,"column":2},"end":{"line":34,"column":3}},"4":{"start":{"line":16,"column":4},"end":{"line":17,"column":132}},"5":{"start":{"line":18,"column":9},"end":{"line":34,"column":3}},"6":{"start":{"line":20,"column":4},"end":{"line":21,"column":121}},"7":{"start":{"line":22,"column":9},"end":{"line":34,"column":3}},"8":{"start":{"line":24,"column":4},"end":{"line":24,"column":48}},"9":{"start":{"line":25,"column":9},"end":{"line":34,"column":3}},"10":{"start":{"line":27,"column":4},"end":{"line":28,"column":163}},"11":{"start":{"line":29,"column":9},"end":{"line":34,"column":3}},"12":{"start":{"line":30,"column":4},"end":{"line":31,"column":165}},"13":{"start":{"line":33,"column":4},"end":{"line":33,"column":17}},"14":{"start":{"line":35,"column":19},"end":{"line":35,"column":35}},"15":{"start":{"line":36,"column":2},"end":{"line":36,"column":30}}},"fnMap":{"0":{"name":"checkUnit","decl":{"start":{"line":5,"column":16},"end":{"line":5,"column":25}},"loc":{"start":{"line":5,"column":50},"end":{"line":10,"column":1}},"line":5},"1":{"name":"checkColor","decl":{"start":{"line":12,"column":16},"end":{"line":12,"column":26}},"loc":{"start":{"line":12,"column":51},"end":{"line":37,"column":1}},"line":12}},"branchMap":{"0":{"loc":{"start":{"line":14,"column":2},"end":{"line":34,"column":3}},"type":"if","locations":[{"start":{"line":14,"column":2},"end":{"line":34,"column":3}},{"start":{"line":14,"column":2},"end":{"line":34,"column":3}}],"line":14},"1":{"loc":{"start":{"line":18,"column":9},"end":{"line":34,"column":3}},"type":"if","locations":[{"start":{"line":18,"column":9},"end":{"line":34,"column":3}},{"start":{"line":18,"column":9},"end":{"line":34,"column":3}}],"line":18},"2":{"loc":{"start":{"line":22,"column":9},"end":{"line":34,"column":3}},"type":"if","locations":[{"start":{"line":22,"column":9},"end":{"line":34,"column":3}},{"start":{"line":22,"column":9},"end":{"line":34,"column":3}}],"line":22},"3":{"loc":{"start":{"line":25,"column":9},"end":{"line":34,"column":3}},"type":"if","locations":[{"start":{"line":25,"column":9},"end":{"line":34,"column":3}},{"start":{"line":25,"column":9},"end":{"line":34,"column":3}}],"line":25},"4":{"loc":{"start":{"line":29,"column":9},"end":{"line":34,"column":3}},"type":"if","locations":[{"start":{"line":29,"column":9},"end":{"line":34,"column":3}},{"start":{"line":29,"column":9},"end":{"line":34,"column":3}}],"line":29}},"s":{"0":7,"1":7,"2":10,"3":10,"4":2,"5":8,"6":2,"7":6,"8":3,"9":3,"10":1,"11":2,"12":1,"13":1,"14":9,"15":9},"f":{"0":7,"1":10},"b":{"0":[2,8],"1":[2,6],"2":[3,3],"3":[1,2],"4":[1,1]},"_coverageSchema":"1a1c01bbd47fc00a2c39e90264f33305004495a9","hash":"3f1d1e275917f024666243876fcc24a741d93de9"}
}
