<?xml version="1.0" encoding="UTF-8"?>
<coverage generated="1614398058515" clover="3.2.0">
  <project timestamp="1614398058515" name="All files">
    <metrics statements="108" coveredstatements="91" conditionals="69" coveredconditionals="55" methods="28" coveredmethods="18" elements="205" coveredelements="164" complexity="0" loc="108" ncloc="108" packages="4" files="9" classes="9"/>
    <package name="src">
      <metrics statements="55" coveredstatements="51" conditionals="32" coveredconditionals="27" methods="10" coveredmethods="8"/>
      <file name="flex.ts" path="/Users/ben/Documents/w/code/project/library/rapierui/packages/css/src/flex.ts">
        <metrics statements="17" coveredstatements="17" conditionals="12" coveredconditionals="12" methods="3" coveredmethods="3"/>
        <line num="11" count="11" type="stmt"/>
        <line num="12" count="11" type="cond" truecount="2" falsecount="0"/>
        <line num="13" count="4" type="stmt"/>
        <line num="15" count="7" type="stmt"/>
        <line num="16" count="7" type="cond" truecount="2" falsecount="0"/>
        <line num="17" count="2" type="stmt"/>
        <line num="19" count="7" type="cond" truecount="2" falsecount="0"/>
        <line num="20" count="3" type="stmt"/>
        <line num="28" count="7" type="cond" truecount="2" falsecount="0"/>
        <line num="29" count="1" type="stmt"/>
        <line num="30" count="1" type="stmt"/>
        <line num="32" count="7" type="cond" truecount="2" falsecount="0"/>
        <line num="33" count="1" type="stmt"/>
        <line num="34" count="1" type="stmt"/>
        <line num="36" count="7" type="stmt"/>
        <line num="46" count="4" type="stmt"/>
        <line num="52" count="4" type="stmt"/>
      </file>
      <file name="position.ts" path="/Users/ben/Documents/w/code/project/library/rapierui/packages/css/src/position.ts">
        <metrics statements="22" coveredstatements="22" conditionals="10" coveredconditionals="10" methods="2" coveredmethods="2"/>
        <line num="11" count="9" type="stmt"/>
        <line num="12" count="9" type="cond" truecount="2" falsecount="0"/>
        <line num="13" count="8" type="cond" truecount="2" falsecount="0"/>
        <line num="14" count="6" type="stmt"/>
        <line num="15" count="6" type="stmt"/>
        <line num="16" count="4" type="cond" truecount="4" falsecount="0"/>
        <line num="18" count="1" type="stmt"/>
        <line num="19" count="1" type="stmt"/>
        <line num="21" count="1" type="stmt"/>
        <line num="22" count="1" type="stmt"/>
        <line num="24" count="1" type="stmt"/>
        <line num="25" count="1" type="stmt"/>
        <line num="27" count="1" type="stmt"/>
        <line num="28" count="1" type="stmt"/>
        <line num="31" count="2" type="stmt"/>
        <line num="34" count="2" type="stmt"/>
        <line num="35" count="2" type="stmt"/>
        <line num="36" count="2" type="cond" truecount="2" falsecount="0"/>
        <line num="37" count="1" type="stmt"/>
        <line num="39" count="1" type="stmt"/>
        <line num="43" count="8" type="stmt"/>
        <line num="45" count="1" type="stmt"/>
      </file>
      <file name="transform.ts" path="/Users/ben/Documents/w/code/project/library/rapierui/packages/css/src/transform.ts">
        <metrics statements="16" coveredstatements="12" conditionals="10" coveredconditionals="5" methods="5" coveredmethods="3"/>
        <line num="10" count="1" type="stmt"/>
        <line num="11" count="1" type="cond" truecount="1" falsecount="1"/>
        <line num="12" count="0" type="stmt"/>
        <line num="13" count="1" type="cond" truecount="1" falsecount="1"/>
        <line num="14" count="0" type="stmt"/>
        <line num="15" count="0" type="stmt"/>
        <line num="18" count="1" type="stmt"/>
        <line num="21" count="1" type="stmt"/>
        <line num="32" count="0" type="stmt"/>
        <line num="39" count="1" type="stmt"/>
        <line num="40" count="1" type="cond" truecount="1" falsecount="1"/>
        <line num="41" count="1" type="stmt"/>
        <line num="45" count="1" type="stmt"/>
        <line num="46" count="1" type="cond" truecount="1" falsecount="1"/>
        <line num="47" count="1" type="cond" truecount="1" falsecount="1"/>
        <line num="48" count="1" type="stmt"/>
      </file>
    </package>
    <package name="src.fragment">
      <metrics statements="5" coveredstatements="5" conditionals="8" coveredconditionals="8" methods="2" coveredmethods="2"/>
      <file name="layout.ts" path="/Users/ben/Documents/w/code/project/library/rapierui/packages/css/src/fragment/layout.ts">
        <metrics statements="5" coveredstatements="5" conditionals="8" coveredconditionals="8" methods="2" coveredmethods="2"/>
        <line num="13" count="1" type="stmt"/>
        <line num="30" count="3" type="cond" truecount="2" falsecount="0"/>
        <line num="31" count="2" type="stmt"/>
        <line num="32" count="2" type="stmt"/>
        <line num="38" count="1" type="stmt"/>
      </file>
    </package>
    <package name="src.types">
      <metrics statements="5" coveredstatements="3" conditionals="0" coveredconditionals="0" methods="4" coveredmethods="2"/>
      <file name="background.ts" path="/Users/ben/Documents/w/code/project/library/rapierui/packages/css/src/types/background.ts">
        <metrics statements="2" coveredstatements="0" conditionals="0" coveredconditionals="0" methods="2" coveredmethods="0"/>
        <line num="4" count="0" type="stmt"/>
        <line num="10" count="0" type="stmt"/>
      </file>
      <file name="transform.ts" path="/Users/ben/Documents/w/code/project/library/rapierui/packages/css/src/types/transform.ts">
        <metrics statements="3" coveredstatements="3" conditionals="0" coveredconditionals="0" methods="2" coveredmethods="2"/>
        <line num="7" count="1" type="stmt"/>
        <line num="8" count="1" type="stmt"/>
        <line num="14" count="1" type="stmt"/>
      </file>
    </package>
    <package name="src.util">
      <metrics statements="43" coveredstatements="32" conditionals="29" coveredconditionals="20" methods="12" coveredmethods="6"/>
      <file name="check.ts" path="/Users/ben/Documents/w/code/project/library/rapierui/packages/css/src/util/check.ts">
        <metrics statements="25" coveredstatements="16" conditionals="17" coveredconditionals="10" methods="6" coveredmethods="2"/>
        <line num="8" count="20" type="stmt"/>
        <line num="11" count="20" type="stmt"/>
        <line num="15" count="10" type="stmt"/>
        <line num="16" count="10" type="cond" truecount="2" falsecount="0"/>
        <line num="18" count="2" type="stmt"/>
        <line num="20" count="8" type="cond" truecount="2" falsecount="0"/>
        <line num="22" count="2" type="stmt"/>
        <line num="24" count="6" type="cond" truecount="2" falsecount="0"/>
        <line num="26" count="3" type="stmt"/>
        <line num="27" count="3" type="cond" truecount="2" falsecount="0"/>
        <line num="29" count="1" type="stmt"/>
        <line num="31" count="2" type="cond" truecount="2" falsecount="0"/>
        <line num="32" count="1" type="stmt"/>
        <line num="35" count="1" type="stmt"/>
        <line num="37" count="9" type="stmt"/>
        <line num="38" count="9" type="stmt"/>
        <line num="42" count="0" type="stmt"/>
        <line num="65" count="0" type="stmt"/>
        <line num="66" count="0" type="cond" truecount="0" falsecount="2"/>
        <line num="67" count="0" type="stmt"/>
        <line num="68" count="0" type="cond" truecount="0" falsecount="3"/>
        <line num="70" count="0" type="stmt"/>
        <line num="72" count="0" type="stmt"/>
        <line num="74" count="0" type="stmt"/>
        <line num="80" count="0" type="cond" truecount="0" falsecount="2"/>
      </file>
      <file name="values.ts" path="/Users/ben/Documents/w/code/project/library/rapierui/packages/css/src/util/values.ts">
        <metrics statements="16" coveredstatements="14" conditionals="10" coveredconditionals="8" methods="5" coveredmethods="3"/>
        <line num="41" count="0" type="stmt"/>
        <line num="56" count="2" type="cond" truecount="1" falsecount="1"/>
        <line num="57" count="2" type="stmt"/>
        <line num="58" count="2" type="cond" truecount="1" falsecount="1"/>
        <line num="59" count="2" type="stmt"/>
        <line num="62" count="2" type="stmt"/>
        <line num="70" count="6" type="stmt"/>
        <line num="71" count="6" type="cond" truecount="4" falsecount="0"/>
        <line num="72" count="1" type="stmt"/>
        <line num="73" count="5" type="stmt"/>
        <line num="74" count="11" type="stmt"/>
        <line num="76" count="5" type="cond" truecount="2" falsecount="0"/>
        <line num="77" count="4" type="stmt"/>
        <line num="79" count="1" type="stmt"/>
        <line num="83" count="4" type="stmt"/>
        <line num="97" count="0" type="stmt"/>
      </file>
      <file name="warn.ts" path="/Users/ben/Documents/w/code/project/library/rapierui/packages/css/src/util/warn.ts">
        <metrics statements="2" coveredstatements="2" conditionals="2" coveredconditionals="2" methods="1" coveredmethods="1"/>
        <line num="2" count="5" type="cond" truecount="2" falsecount="0"/>
        <line num="3" count="1" type="stmt"/>
      </file>
    </package>
  </project>
</coverage>
