{"/Users/ben/Documents/w/code/project/library/rapierui/packages/css/src/flex.ts": {"path":"/Users/ben/Documents/w/code/project/library/rapierui/packages/css/src/flex.ts","statementMap":{"0":{"start":{"line":11,"column":12},"end":{"line":11,"column":28}},"1":{"start":{"line":12,"column":2},"end":{"line":14,"column":3}},"2":{"start":{"line":13,"column":4},"end":{"line":13,"column":15}},"3":{"start":{"line":15,"column":45},"end":{"line":15,"column":55}},"4":{"start":{"line":16,"column":2},"end":{"line":18,"column":3}},"5":{"start":{"line":17,"column":4},"end":{"line":17,"column":43}},"6":{"start":{"line":19,"column":2},"end":{"line":27,"column":3}},"7":{"start":{"line":20,"column":4},"end":{"line":26,"column":16}},"8":{"start":{"line":28,"column":2},"end":{"line":31,"column":3}},"9":{"start":{"line":29,"column":4},"end":{"line":29,"column":36}},"10":{"start":{"line":30,"column":4},"end":{"line":30,"column":33}},"11":{"start":{"line":32,"column":2},"end":{"line":35,"column":3}},"12":{"start":{"line":33,"column":4},"end":{"line":33,"column":38}},"13":{"start":{"line":34,"column":4},"end":{"line":34,"column":37}},"14":{"start":{"line":36,"column":2},"end":{"line":36,"column":13}},"15":{"start":{"line":46,"column":2},"end":{"line":46,"column":38}},"16":{"start":{"line":52,"column":2},"end":{"line":52,"column":34}}},"fnMap":{"0":{"name":"flex","decl":{"start":{"line":10,"column":24},"end":{"line":10,"column":28}},"loc":{"start":{"line":10,"column":58},"end":{"line":37,"column":1}},"line":10},"1":{"name":"justifyContent","decl":{"start":{"line":45,"column":16},"end":{"line":45,"column":30}},"loc":{"start":{"line":45,"column":57},"end":{"line":47,"column":1}},"line":45},"2":{"name":"alignItems","decl":{"start":{"line":51,"column":16},"end":{"line":51,"column":26}},"loc":{"start":{"line":51,"column":51},"end":{"line":53,"column":1}},"line":51}},"branchMap":{"0":{"loc":{"start":{"line":12,"column":2},"end":{"line":14,"column":3}},"type":"if","locations":[{"start":{"line":12,"column":2},"end":{"line":14,"column":3}},{"start":{"line":12,"column":2},"end":{"line":14,"column":3}}],"line":12},"1":{"loc":{"start":{"line":16,"column":2},"end":{"line":18,"column":3}},"type":"if","locations":[{"start":{"line":16,"column":2},"end":{"line":18,"column":3}},{"start":{"line":16,"column":2},"end":{"line":18,"column":3}}],"line":16},"2":{"loc":{"start":{"line":19,"column":2},"end":{"line":27,"column":3}},"type":"if","locations":[{"start":{"line":19,"column":2},"end":{"line":27,"column":3}},{"start":{"line":19,"column":2},"end":{"line":27,"column":3}}],"line":19},"3":{"loc":{"start":{"line":21,"column":6},"end":{"line":26,"column":15}},"type":"cond-expr","locations":[{"start":{"line":22,"column":10},"end":{"line":22,"column":39}},{"start":{"line":23,"column":10},"end":{"line":26,"column":15}}],"line":21},"4":{"loc":{"start":{"line":28,"column":2},"end":{"line":31,"column":3}},"type":"if","locations":[{"start":{"line":28,"column":2},"end":{"line":31,"column":3}},{"start":{"line":28,"column":2},"end":{"line":31,"column":3}}],"line":28},"5":{"loc":{"start":{"line":32,"column":2},"end":{"line":35,"column":3}},"type":"if","locations":[{"start":{"line":32,"column":2},"end":{"line":35,"column":3}},{"start":{"line":32,"column":2},"end":{"line":35,"column":3}}],"line":32}},"s":{"0":11,"1":11,"2":4,"3":7,"4":7,"5":2,"6":7,"7":3,"8":7,"9":1,"10":1,"11":7,"12":1,"13":1,"14":7,"15":4,"16":4},"f":{"0":11,"1":4,"2":4},"b":{"0":[4,7],"1":[2,5],"2":[3,4],"3":[1,2],"4":[1,6],"5":[1,6]},"_coverageSchema":"1a1c01bbd47fc00a2c39e90264f33305004495a9","hash":"785153c7d719ee3e64e7dd15bbd48a727453a6b1"}
,"/Users/ben/Documents/w/code/project/library/rapierui/packages/css/src/position.ts": {"path":"/Users/ben/Documents/w/code/project/library/rapierui/packages/css/src/position.ts","statementMap":{"0":{"start":{"line":11,"column":12},"end":{"line":11,"column":31}},"1":{"start":{"line":12,"column":2},"end":{"line":44,"column":3}},"2":{"start":{"line":13,"column":4},"end":{"line":42,"column":5}},"3":{"start":{"line":14,"column":6},"end":{"line":32,"column":7}},"4":{"start":{"line":15,"column":23},"end":{"line":15,"column":43}},"5":{"start":{"line":16,"column":8},"end":{"line":29,"column":9}},"6":{"start":{"line":18,"column":12},"end":{"line":18,"column":96}},"7":{"start":{"line":19,"column":12},"end":{"line":19,"column":18}},"8":{"start":{"line":21,"column":12},"end":{"line":21,"column":96}},"9":{"start":{"line":22,"column":12},"end":{"line":22,"column":18}},"10":{"start":{"line":24,"column":12},"end":{"line":24,"column":96}},"11":{"start":{"line":25,"column":12},"end":{"line":25,"column":18}},"12":{"start":{"line":27,"column":12},"end":{"line":27,"column":96}},"13":{"start":{"line":28,"column":12},"end":{"line":28,"column":18}},"14":{"start":{"line":31,"column":8},"end":{"line":31,"column":29}},"15":{"start":{"line":34,"column":6},"end":{"line":41,"column":9}},"16":{"start":{"line":35,"column":22},"end":{"line":35,"column":33}},"17":{"start":{"line":36,"column":8},"end":{"line":40,"column":9}},"18":{"start":{"line":37,"column":10},"end":{"line":37,"column":36}},"19":{"start":{"line":39,"column":10},"end":{"line":39,"column":35}},"20":{"start":{"line":43,"column":4},"end":{"line":43,"column":15}},"21":{"start":{"line":45,"column":2},"end":{"line":45,"column":13}}},"fnMap":{"0":{"name":"position","decl":{"start":{"line":10,"column":16},"end":{"line":10,"column":24}},"loc":{"start":{"line":10,"column":54},"end":{"line":46,"column":1}},"line":10},"1":{"name":"(anonymous_1)","decl":{"start":{"line":34,"column":34},"end":{"line":34,"column":35}},"loc":{"start":{"line":34,"column":43},"end":{"line":41,"column":7}},"line":34}},"branchMap":{"0":{"loc":{"start":{"line":12,"column":2},"end":{"line":44,"column":3}},"type":"if","locations":[{"start":{"line":12,"column":2},"end":{"line":44,"column":3}},{"start":{"line":12,"column":2},"end":{"line":44,"column":3}}],"line":12},"1":{"loc":{"start":{"line":13,"column":4},"end":{"line":42,"column":5}},"type":"if","locations":[{"start":{"line":13,"column":4},"end":{"line":42,"column":5}},{"start":{"line":13,"column":4},"end":{"line":42,"column":5}}],"line":13},"2":{"loc":{"start":{"line":16,"column":8},"end":{"line":29,"column":9}},"type":"switch","locations":[{"start":{"line":17,"column":10},"end":{"line":19,"column":18}},{"start":{"line":20,"column":10},"end":{"line":22,"column":18}},{"start":{"line":23,"column":10},"end":{"line":25,"column":18}},{"start":{"line":26,"column":10},"end":{"line":28,"column":18}}],"line":16},"3":{"loc":{"start":{"line":36,"column":8},"end":{"line":40,"column":9}},"type":"if","locations":[{"start":{"line":36,"column":8},"end":{"line":40,"column":9}},{"start":{"line":36,"column":8},"end":{"line":40,"column":9}}],"line":36}},"s":{"0":9,"1":9,"2":8,"3":6,"4":6,"5":4,"6":1,"7":1,"8":1,"9":1,"10":1,"11":1,"12":1,"13":1,"14":2,"15":2,"16":2,"17":2,"18":1,"19":1,"20":8,"21":1},"f":{"0":9,"1":2},"b":{"0":[8,1],"1":[6,2],"2":[1,1,1,1],"3":[1,1]},"_coverageSchema":"1a1c01bbd47fc00a2c39e90264f33305004495a9","hash":"59136d5441a9ed697351196a297c9784265aa71f"}
,"/Users/ben/Documents/w/code/project/library/rapierui/packages/css/src/transform.ts": {"path":"/Users/ben/Documents/w/code/project/library/rapierui/packages/css/src/transform.ts","statementMap":{"0":{"start":{"line":10,"column":14},"end":{"line":10,"column":16}},"1":{"start":{"line":11,"column":2},"end":{"line":19,"column":3}},"2":{"start":{"line":12,"column":4},"end":{"line":12,"column":23}},"3":{"start":{"line":13,"column":9},"end":{"line":19,"column":3}},"4":{"start":{"line":14,"column":4},"end":{"line":16,"column":11}},"5":{"start":{"line":15,"column":6},"end":{"line":15,"column":44}},"6":{"start":{"line":18,"column":4},"end":{"line":18,"column":29}},"7":{"start":{"line":21,"column":2},"end":{"line":21,"column":31}},"8":{"start":{"line":32,"column":2},"end":{"line":35,"column":4}},"9":{"start":{"line":39,"column":14},"end":{"line":39,"column":15}},"10":{"start":{"line":40,"column":2},"end":{"line":40,"column":28}},"11":{"start":{"line":41,"column":2},"end":{"line":41,"column":56}},"12":{"start":{"line":45,"column":14},"end":{"line":45,"column":15}},"13":{"start":{"line":46,"column":2},"end":{"line":46,"column":28}},"14":{"start":{"line":47,"column":2},"end":{"line":47,"column":28}},"15":{"start":{"line":48,"column":2},"end":{"line":48,"column":31}}},"fnMap":{"0":{"name":"transform","decl":{"start":{"line":7,"column":24},"end":{"line":7,"column":33}},"loc":{"start":{"line":9,"column":2},"end":{"line":22,"column":1}},"line":9},"1":{"name":"(anonymous_1)","decl":{"start":{"line":14,"column":30},"end":{"line":14,"column":31}},"loc":{"start":{"line":14,"column":53},"end":{"line":16,"column":5}},"line":14},"2":{"name":"matrix","decl":{"start":{"line":24,"column":16},"end":{"line":24,"column":22}},"loc":{"start":{"line":31,"column":26},"end":{"line":36,"column":1}},"line":31},"3":{"name":"translate","decl":{"start":{"line":38,"column":16},"end":{"line":38,"column":25}},"loc":{"start":{"line":38,"column":49},"end":{"line":42,"column":1}},"line":38},"4":{"name":"translateAlone","decl":{"start":{"line":44,"column":16},"end":{"line":44,"column":30}},"loc":{"start":{"line":44,"column":66},"end":{"line":49,"column":1}},"line":44}},"branchMap":{"0":{"loc":{"start":{"line":11,"column":2},"end":{"line":19,"column":3}},"type":"if","locations":[{"start":{"line":11,"column":2},"end":{"line":19,"column":3}},{"start":{"line":11,"column":2},"end":{"line":19,"column":3}}],"line":11},"1":{"loc":{"start":{"line":13,"column":9},"end":{"line":19,"column":3}},"type":"if","locations":[{"start":{"line":13,"column":9},"end":{"line":19,"column":3}},{"start":{"line":13,"column":9},"end":{"line":19,"column":3}}],"line":13},"2":{"loc":{"start":{"line":40,"column":11},"end":{"line":40,"column":27}},"type":"cond-expr","locations":[{"start":{"line":40,"column":15},"end":{"line":40,"column":22}},{"start":{"line":40,"column":25},"end":{"line":40,"column":27}}],"line":40},"3":{"loc":{"start":{"line":46,"column":11},"end":{"line":46,"column":27}},"type":"cond-expr","locations":[{"start":{"line":46,"column":15},"end":{"line":46,"column":22}},{"start":{"line":46,"column":25},"end":{"line":46,"column":27}}],"line":46},"4":{"loc":{"start":{"line":47,"column":11},"end":{"line":47,"column":27}},"type":"cond-expr","locations":[{"start":{"line":47,"column":15},"end":{"line":47,"column":22}},{"start":{"line":47,"column":25},"end":{"line":47,"column":27}}],"line":47}},"s":{"0":1,"1":1,"2":0,"3":1,"4":0,"5":0,"6":1,"7":1,"8":0,"9":1,"10":1,"11":1,"12":1,"13":1,"14":1,"15":1},"f":{"0":1,"1":0,"2":0,"3":1,"4":1},"b":{"0":[0,1],"1":[0,1],"2":[0,1],"3":[0,1],"4":[0,1]},"_coverageSchema":"1a1c01bbd47fc00a2c39e90264f33305004495a9","hash":"a373c897ef53a2cacd74c854a327776193b737f5"}
,"/Users/ben/Documents/w/code/project/library/rapierui/packages/css/src/fragment/layout.ts": {"path":"/Users/ben/Documents/w/code/project/library/rapierui/packages/css/src/fragment/layout.ts","statementMap":{"0":{"start":{"line":13,"column":2},"end":{"line":13,"column":71}},"1":{"start":{"line":30,"column":2},"end":{"line":37,"column":3}},"2":{"start":{"line":31,"column":58},"end":{"line":31,"column":64}},"3":{"start":{"line":32,"column":4},"end":{"line":36,"column":8}},"4":{"start":{"line":38,"column":2},"end":{"line":38,"column":78}}},"fnMap":{"0":{"name":"center","decl":{"start":{"line":12,"column":16},"end":{"line":12,"column":22}},"loc":{"start":{"line":12,"column":25},"end":{"line":14,"column":1}},"line":12},"1":{"name":"flexSpace","decl":{"start":{"line":24,"column":16},"end":{"line":24,"column":25}},"loc":{"start":{"line":29,"column":3},"end":{"line":39,"column":1}},"line":29}},"branchMap":{"0":{"loc":{"start":{"line":30,"column":2},"end":{"line":37,"column":3}},"type":"if","locations":[{"start":{"line":30,"column":2},"end":{"line":37,"column":3}},{"start":{"line":30,"column":2},"end":{"line":37,"column":3}}],"line":30},"1":{"loc":{"start":{"line":33,"column":6},"end":{"line":33,"column":71}},"type":"cond-expr","locations":[{"start":{"line":33,"column":18},"end":{"line":33,"column":58}},{"start":{"line":33,"column":61},"end":{"line":33,"column":71}}],"line":33},"2":{"loc":{"start":{"line":34,"column":23},"end":{"line":34,"column":53}},"type":"binary-expr","locations":[{"start":{"line":34,"column":23},"end":{"line":34,"column":34}},{"start":{"line":34,"column":38},"end":{"line":34,"column":53}}],"line":34},"3":{"loc":{"start":{"line":35,"column":6},"end":{"line":35,"column":23}},"type":"binary-expr","locations":[{"start":{"line":35,"column":6},"end":{"line":35,"column":11}},{"start":{"line":35,"column":15},"end":{"line":35,"column":23}}],"line":35}},"s":{"0":1,"1":3,"2":2,"3":2,"4":1},"f":{"0":1,"1":3},"b":{"0":[2,1],"1":[1,1],"2":[2,2],"3":[2,1]},"_coverageSchema":"1a1c01bbd47fc00a2c39e90264f33305004495a9","hash":"8bb013d3997aee606a28194d007d8e8df775280b"}
,"/Users/ben/Documents/w/code/project/library/rapierui/packages/css/src/types/background.ts": {"path":"/Users/ben/Documents/w/code/project/library/rapierui/packages/css/src/types/background.ts","statementMap":{"0":{"start":{"line":4,"column":4},"end":{"line":4,"column":20}},"1":{"start":{"line":10,"column":4},"end":{"line":10,"column":30}}},"fnMap":{"0":{"name":"(anonymous_0)","decl":{"start":{"line":3,"column":2},"end":{"line":3,"column":3}},"loc":{"start":{"line":3,"column":27},"end":{"line":5,"column":3}},"line":3},"1":{"name":"(anonymous_1)","decl":{"start":{"line":9,"column":2},"end":{"line":9,"column":3}},"loc":{"start":{"line":9,"column":21},"end":{"line":11,"column":3}},"line":9}},"branchMap":{},"s":{"0":0,"1":0},"f":{"0":0,"1":0},"b":{},"_coverageSchema":"1a1c01bbd47fc00a2c39e90264f33305004495a9","hash":"88f8f8348dc3b3e6e081afb0cf74377769d69bcd"}
,"/Users/ben/Documents/w/code/project/library/rapierui/packages/css/src/types/transform.ts": {"path":"/Users/ben/Documents/w/code/project/library/rapierui/packages/css/src/types/transform.ts","statementMap":{"0":{"start":{"line":7,"column":4},"end":{"line":7,"column":24}},"1":{"start":{"line":8,"column":4},"end":{"line":8,"column":38}},"2":{"start":{"line":14,"column":4},"end":{"line":14,"column":51}}},"fnMap":{"0":{"name":"(anonymous_0)","decl":{"start":{"line":6,"column":2},"end":{"line":6,"column":3}},"loc":{"start":{"line":6,"column":66},"end":{"line":9,"column":3}},"line":6},"1":{"name":"(anonymous_1)","decl":{"start":{"line":13,"column":2},"end":{"line":13,"column":3}},"loc":{"start":{"line":13,"column":21},"end":{"line":15,"column":3}},"line":13}},"branchMap":{},"s":{"0":1,"1":1,"2":1},"f":{"0":1,"1":1},"b":{},"_coverageSchema":"1a1c01bbd47fc00a2c39e90264f33305004495a9","hash":"f74c4dd49602e935ce97e4daf95acc2749fe5363"}
,"/Users/ben/Documents/w/code/project/library/rapierui/packages/css/src/util/check.ts": {"path":"/Users/ben/Documents/w/code/project/library/rapierui/packages/css/src/util/check.ts","statementMap":{"0":{"start":{"line":8,"column":18},"end":{"line":10,"column":3}},"1":{"start":{"line":11,"column":2},"end":{"line":11,"column":29}},"2":{"start":{"line":15,"column":13},"end":{"line":15,"column":15}},"3":{"start":{"line":16,"column":2},"end":{"line":36,"column":3}},"4":{"start":{"line":18,"column":4},"end":{"line":19,"column":132}},"5":{"start":{"line":20,"column":9},"end":{"line":36,"column":3}},"6":{"start":{"line":22,"column":4},"end":{"line":23,"column":121}},"7":{"start":{"line":24,"column":9},"end":{"line":36,"column":3}},"8":{"start":{"line":26,"column":4},"end":{"line":26,"column":48}},"9":{"start":{"line":27,"column":9},"end":{"line":36,"column":3}},"10":{"start":{"line":29,"column":4},"end":{"line":30,"column":163}},"11":{"start":{"line":31,"column":9},"end":{"line":36,"column":3}},"12":{"start":{"line":32,"column":4},"end":{"line":33,"column":165}},"13":{"start":{"line":35,"column":4},"end":{"line":35,"column":17}},"14":{"start":{"line":37,"column":19},"end":{"line":37,"column":35}},"15":{"start":{"line":38,"column":2},"end":{"line":38,"column":30}},"16":{"start":{"line":42,"column":2},"end":{"line":53,"column":20}},"17":{"start":{"line":65,"column":19},"end":{"line":65,"column":44}},"18":{"start":{"line":66,"column":2},"end":{"line":66,"column":42}},"19":{"start":{"line":66,"column":29},"end":{"line":66,"column":42}},"20":{"start":{"line":67,"column":2},"end":{"line":76,"column":5}},"21":{"start":{"line":68,"column":4},"end":{"line":75,"column":5}},"22":{"start":{"line":70,"column":8},"end":{"line":70,"column":31}},"23":{"start":{"line":72,"column":8},"end":{"line":72,"column":37}},"24":{"start":{"line":74,"column":8},"end":{"line":74,"column":30}},"25":{"start":{"line":80,"column":2},"end":{"line":80,"column":58}}},"fnMap":{"0":{"name":"checkUnit","decl":{"start":{"line":7,"column":16},"end":{"line":7,"column":25}},"loc":{"start":{"line":7,"column":50},"end":{"line":12,"column":1}},"line":7},"1":{"name":"checkColor","decl":{"start":{"line":14,"column":16},"end":{"line":14,"column":26}},"loc":{"start":{"line":14,"column":51},"end":{"line":39,"column":1}},"line":14},"2":{"name":"checkBorderStyle","decl":{"start":{"line":41,"column":16},"end":{"line":41,"column":32}},"loc":{"start":{"line":41,"column":57},"end":{"line":54,"column":1}},"line":41},"3":{"name":"checkShorthand","decl":{"start":{"line":61,"column":16},"end":{"line":61,"column":30}},"loc":{"start":{"line":64,"column":2},"end":{"line":77,"column":1}},"line":64},"4":{"name":"(anonymous_4)","decl":{"start":{"line":67,"column":24},"end":{"line":67,"column":25}},"loc":{"start":{"line":67,"column":33},"end":{"line":76,"column":3}},"line":67},"5":{"name":"checkFontSize","decl":{"start":{"line":79,"column":16},"end":{"line":79,"column":29}},"loc":{"start":{"line":79,"column":45},"end":{"line":81,"column":1}},"line":79}},"branchMap":{"0":{"loc":{"start":{"line":16,"column":2},"end":{"line":36,"column":3}},"type":"if","locations":[{"start":{"line":16,"column":2},"end":{"line":36,"column":3}},{"start":{"line":16,"column":2},"end":{"line":36,"column":3}}],"line":16},"1":{"loc":{"start":{"line":20,"column":9},"end":{"line":36,"column":3}},"type":"if","locations":[{"start":{"line":20,"column":9},"end":{"line":36,"column":3}},{"start":{"line":20,"column":9},"end":{"line":36,"column":3}}],"line":20},"2":{"loc":{"start":{"line":24,"column":9},"end":{"line":36,"column":3}},"type":"if","locations":[{"start":{"line":24,"column":9},"end":{"line":36,"column":3}},{"start":{"line":24,"column":9},"end":{"line":36,"column":3}}],"line":24},"3":{"loc":{"start":{"line":27,"column":9},"end":{"line":36,"column":3}},"type":"if","locations":[{"start":{"line":27,"column":9},"end":{"line":36,"column":3}},{"start":{"line":27,"column":9},"end":{"line":36,"column":3}}],"line":27},"4":{"loc":{"start":{"line":31,"column":9},"end":{"line":36,"column":3}},"type":"if","locations":[{"start":{"line":31,"column":9},"end":{"line":36,"column":3}},{"start":{"line":31,"column":9},"end":{"line":36,"column":3}}],"line":31},"5":{"loc":{"start":{"line":66,"column":2},"end":{"line":66,"column":42}},"type":"if","locations":[{"start":{"line":66,"column":2},"end":{"line":66,"column":42}},{"start":{"line":66,"column":2},"end":{"line":66,"column":42}}],"line":66},"6":{"loc":{"start":{"line":68,"column":4},"end":{"line":75,"column":5}},"type":"switch","locations":[{"start":{"line":69,"column":6},"end":{"line":70,"column":31}},{"start":{"line":71,"column":6},"end":{"line":72,"column":37}},{"start":{"line":73,"column":6},"end":{"line":74,"column":30}}],"line":68},"7":{"loc":{"start":{"line":80,"column":9},"end":{"line":80,"column":57}},"type":"binary-expr","locations":[{"start":{"line":80,"column":9},"end":{"line":80,"column":37}},{"start":{"line":80,"column":41},"end":{"line":80,"column":57}}],"line":80}},"s":{"0":20,"1":20,"2":10,"3":10,"4":2,"5":8,"6":2,"7":6,"8":3,"9":3,"10":1,"11":2,"12":1,"13":1,"14":9,"15":9,"16":0,"17":0,"18":0,"19":0,"20":0,"21":0,"22":0,"23":0,"24":0,"25":0},"f":{"0":20,"1":10,"2":0,"3":0,"4":0,"5":0},"b":{"0":[2,8],"1":[2,6],"2":[3,3],"3":[1,2],"4":[1,1],"5":[0,0],"6":[0,0,0],"7":[0,0]},"_coverageSchema":"1a1c01bbd47fc00a2c39e90264f33305004495a9","hash":"09a51eb5f1122a6b221afa36d904a5eb86eda88b"}
,"/Users/ben/Documents/w/code/project/library/rapierui/packages/css/src/util/values.ts": {"path":"/Users/ben/Documents/w/code/project/library/rapierui/packages/css/src/util/values.ts","statementMap":{"0":{"start":{"line":41,"column":2},"end":{"line":44,"column":4}},"1":{"start":{"line":56,"column":2},"end":{"line":61,"column":3}},"2":{"start":{"line":57,"column":34},"end":{"line":57,"column":40}},"3":{"start":{"line":58,"column":4},"end":{"line":60,"column":5}},"4":{"start":{"line":59,"column":6},"end":{"line":59,"column":31}},"5":{"start":{"line":62,"column":2},"end":{"line":62,"column":28}},"6":{"start":{"line":70,"column":19},"end":{"line":70,"column":42}},"7":{"start":{"line":71,"column":2},"end":{"line":72,"column":50}},"8":{"start":{"line":72,"column":4},"end":{"line":72,"column":50}},"9":{"start":{"line":73,"column":18},"end":{"line":75,"column":4}},"10":{"start":{"line":74,"column":4},"end":{"line":74,"column":26}},"11":{"start":{"line":76,"column":2},"end":{"line":80,"column":3}},"12":{"start":{"line":77,"column":4},"end":{"line":77,"column":20}},"13":{"start":{"line":79,"column":4},"end":{"line":79,"column":48}},"14":{"start":{"line":83,"column":28},"end":{"line":94,"column":1}},"15":{"start":{"line":97,"column":2},"end":{"line":97,"column":22}}},"fnMap":{"0":{"name":"united","decl":{"start":{"line":40,"column":16},"end":{"line":40,"column":22}},"loc":{"start":{"line":40,"column":53},"end":{"line":45,"column":1}},"line":40},"1":{"name":"getValueWithUnit","decl":{"start":{"line":52,"column":16},"end":{"line":52,"column":32}},"loc":{"start":{"line":55,"column":2},"end":{"line":63,"column":1}},"line":55},"2":{"name":"getShorthand","decl":{"start":{"line":69,"column":16},"end":{"line":69,"column":28}},"loc":{"start":{"line":69,"column":44},"end":{"line":81,"column":1}},"line":69},"3":{"name":"(anonymous_3)","decl":{"start":{"line":73,"column":33},"end":{"line":73,"column":34}},"loc":{"start":{"line":73,"column":42},"end":{"line":75,"column":3}},"line":73},"4":{"name":"url","decl":{"start":{"line":96,"column":16},"end":{"line":96,"column":19}},"loc":{"start":{"line":96,"column":38},"end":{"line":98,"column":1}},"line":96}},"branchMap":{"0":{"loc":{"start":{"line":56,"column":2},"end":{"line":61,"column":3}},"type":"if","locations":[{"start":{"line":56,"column":2},"end":{"line":61,"column":3}},{"start":{"line":56,"column":2},"end":{"line":61,"column":3}}],"line":56},"1":{"loc":{"start":{"line":58,"column":4},"end":{"line":60,"column":5}},"type":"if","locations":[{"start":{"line":58,"column":4},"end":{"line":60,"column":5}},{"start":{"line":58,"column":4},"end":{"line":60,"column":5}}],"line":58},"2":{"loc":{"start":{"line":71,"column":2},"end":{"line":72,"column":50}},"type":"if","locations":[{"start":{"line":71,"column":2},"end":{"line":72,"column":50}},{"start":{"line":71,"column":2},"end":{"line":72,"column":50}}],"line":71},"3":{"loc":{"start":{"line":71,"column":6},"end":{"line":71,"column":50}},"type":"binary-expr","locations":[{"start":{"line":71,"column":6},"end":{"line":71,"column":27}},{"start":{"line":71,"column":31},"end":{"line":71,"column":50}}],"line":71},"4":{"loc":{"start":{"line":76,"column":2},"end":{"line":80,"column":3}},"type":"if","locations":[{"start":{"line":76,"column":2},"end":{"line":80,"column":3}},{"start":{"line":76,"column":2},"end":{"line":80,"column":3}}],"line":76}},"s":{"0":0,"1":2,"2":2,"3":2,"4":2,"5":2,"6":6,"7":6,"8":1,"9":5,"10":11,"11":5,"12":4,"13":1,"14":4,"15":0},"f":{"0":0,"1":2,"2":6,"3":11,"4":0},"b":{"0":[2,0],"1":[2,0],"2":[1,5],"3":[6,6],"4":[4,1]},"_coverageSchema":"1a1c01bbd47fc00a2c39e90264f33305004495a9","hash":"35ed62e178421f33939cc612497b6253cb85484f"}
,"/Users/ben/Documents/w/code/project/library/rapierui/packages/css/src/util/warn.ts": {"path":"/Users/ben/Documents/w/code/project/library/rapierui/packages/css/src/util/warn.ts","statementMap":{"0":{"start":{"line":2,"column":2},"end":{"line":4,"column":3}},"1":{"start":{"line":3,"column":4},"end":{"line":3,"column":69}}},"fnMap":{"0":{"name":"warnNegative","decl":{"start":{"line":1,"column":16},"end":{"line":1,"column":28}},"loc":{"start":{"line":1,"column":55},"end":{"line":5,"column":1}},"line":1}},"branchMap":{"0":{"loc":{"start":{"line":2,"column":2},"end":{"line":4,"column":3}},"type":"if","locations":[{"start":{"line":2,"column":2},"end":{"line":4,"column":3}},{"start":{"line":2,"column":2},"end":{"line":4,"column":3}}],"line":2}},"s":{"0":5,"1":1},"f":{"0":5},"b":{"0":[1,4]},"_coverageSchema":"1a1c01bbd47fc00a2c39e90264f33305004495a9","hash":"6547d552b05981af94e3bfb21669be6221df2cb9"}
}
