TN:
SF:src/flex.ts
FN:10,flex
FN:45,justifyContent
FN:51,alignItems
FNF:3
FNH:3
FNDA:11,flex
FNDA:4,justifyContent
FNDA:4,alignItems
DA:11,11
DA:12,11
DA:13,4
DA:15,7
DA:16,7
DA:17,2
DA:19,7
DA:20,3
DA:28,7
DA:29,1
DA:30,1
DA:32,7
DA:33,1
DA:34,1
DA:36,7
DA:46,4
DA:52,4
LF:17
LH:17
BRDA:12,0,0,4
BRDA:12,0,1,7
BRDA:16,1,0,2
BRDA:16,1,1,5
BRDA:19,2,0,3
BRDA:19,2,1,4
BRDA:21,3,0,1
BRDA:21,3,1,2
BRDA:28,4,0,1
BRDA:28,4,1,6
BRDA:32,5,0,1
BRDA:32,5,1,6
BRF:12
BRH:12
end_of_record
TN:
SF:src/position.ts
FN:10,position
FN:34,(anonymous_1)
FNF:2
FNH:2
FNDA:9,position
FNDA:2,(anonymous_1)
DA:11,9
DA:12,9
DA:13,8
DA:14,6
DA:15,6
DA:16,4
DA:18,1
DA:19,1
DA:21,1
DA:22,1
DA:24,1
DA:25,1
DA:27,1
DA:28,1
DA:31,2
DA:34,2
DA:35,2
DA:36,2
DA:37,1
DA:39,1
DA:43,8
DA:45,1
LF:22
LH:22
BRDA:12,0,0,8
BRDA:12,0,1,1
BRDA:13,1,0,6
BRDA:13,1,1,2
BRDA:16,2,0,1
BRDA:16,2,1,1
BRDA:16,2,2,1
BRDA:16,2,3,1
BRDA:36,3,0,1
BRDA:36,3,1,1
BRF:10
BRH:10
end_of_record
TN:
SF:src/transform.ts
FN:7,transform
FN:14,(anonymous_1)
FN:24,matrix
FN:38,translate
FN:44,translateAlone
FNF:5
FNH:3
FNDA:1,transform
FNDA:0,(anonymous_1)
FNDA:0,matrix
FNDA:1,translate
FNDA:1,translateAlone
DA:10,1
DA:11,1
DA:12,0
DA:13,1
DA:14,0
DA:15,0
DA:18,1
DA:21,1
DA:32,0
DA:39,1
DA:40,1
DA:41,1
DA:45,1
DA:46,1
DA:47,1
DA:48,1
LF:16
LH:12
BRDA:11,0,0,0
BRDA:11,0,1,1
BRDA:13,1,0,0
BRDA:13,1,1,1
BRDA:40,2,0,0
BRDA:40,2,1,1
BRDA:46,3,0,0
BRDA:46,3,1,1
BRDA:47,4,0,0
BRDA:47,4,1,1
BRF:10
BRH:5
end_of_record
TN:
SF:src/fragment/layout.ts
FN:12,center
FN:24,flexSpace
FNF:2
FNH:2
FNDA:1,center
FNDA:3,flexSpace
DA:13,1
DA:30,3
DA:31,2
DA:32,2
DA:38,1
LF:5
LH:5
BRDA:30,0,0,2
BRDA:30,0,1,1
BRDA:33,1,0,1
BRDA:33,1,1,1
BRDA:34,2,0,2
BRDA:34,2,1,2
BRDA:35,3,0,2
BRDA:35,3,1,1
BRF:8
BRH:8
end_of_record
TN:
SF:src/types/background.ts
FN:3,(anonymous_0)
FN:9,(anonymous_1)
FNF:2
FNH:0
FNDA:0,(anonymous_0)
FNDA:0,(anonymous_1)
DA:4,0
DA:10,0
LF:2
LH:0
BRF:0
BRH:0
end_of_record
TN:
SF:src/types/transform.ts
FN:6,(anonymous_0)
FN:13,(anonymous_1)
FNF:2
FNH:2
FNDA:1,(anonymous_0)
FNDA:1,(anonymous_1)
DA:7,1
DA:8,1
DA:14,1
LF:3
LH:3
BRF:0
BRH:0
end_of_record
TN:
SF:src/util/check.ts
FN:7,checkUnit
FN:14,checkColor
FN:41,checkBorderStyle
FN:61,checkShorthand
FN:67,(anonymous_4)
FN:79,checkFontSize
FNF:6
FNH:2
FNDA:20,checkUnit
FNDA:10,checkColor
FNDA:0,checkBorderStyle
FNDA:0,checkShorthand
FNDA:0,(anonymous_4)
FNDA:0,checkFontSize
DA:8,20
DA:11,20
DA:15,10
DA:16,10
DA:18,2
DA:20,8
DA:22,2
DA:24,6
DA:26,3
DA:27,3
DA:29,1
DA:31,2
DA:32,1
DA:35,1
DA:37,9
DA:38,9
DA:42,0
DA:65,0
DA:66,0
DA:67,0
DA:68,0
DA:70,0
DA:72,0
DA:74,0
DA:80,0
LF:25
LH:16
BRDA:16,0,0,2
BRDA:16,0,1,8
BRDA:20,1,0,2
BRDA:20,1,1,6
BRDA:24,2,0,3
BRDA:24,2,1,3
BRDA:27,3,0,1
BRDA:27,3,1,2
BRDA:31,4,0,1
BRDA:31,4,1,1
BRDA:66,5,0,0
BRDA:66,5,1,0
BRDA:68,6,0,0
BRDA:68,6,1,0
BRDA:68,6,2,0
BRDA:80,7,0,0
BRDA:80,7,1,0
BRF:17
BRH:10
end_of_record
TN:
SF:src/util/values.ts
FN:40,united
FN:52,getValueWithUnit
FN:69,getShorthand
FN:73,(anonymous_3)
FN:96,url
FNF:5
FNH:3
FNDA:0,united
FNDA:2,getValueWithUnit
FNDA:6,getShorthand
FNDA:11,(anonymous_3)
FNDA:0,url
DA:41,0
DA:56,2
DA:57,2
DA:58,2
DA:59,2
DA:62,2
DA:70,6
DA:71,6
DA:72,1
DA:73,5
DA:74,11
DA:76,5
DA:77,4
DA:79,1
DA:83,4
DA:97,0
LF:16
LH:14
BRDA:56,0,0,2
BRDA:56,0,1,0
BRDA:58,1,0,2
BRDA:58,1,1,0
BRDA:71,2,0,1
BRDA:71,2,1,5
BRDA:71,3,0,6
BRDA:71,3,1,6
BRDA:76,4,0,4
BRDA:76,4,1,1
BRF:10
BRH:8
end_of_record
TN:
SF:src/util/warn.ts
FN:1,warnNegative
FNF:1
FNH:1
FNDA:5,warnNegative
DA:2,5
DA:3,1
LF:2
LH:2
BRDA:2,0,0,1
BRDA:2,0,1,4
BRF:2
BRH:2
end_of_record
